<?xml version="1.0" encoding="UTF-8"?>
<testsuite name="TestSuite" time="33.103" tests="2" errors="0" skipped="0" failures="2">
  <properties>
[...]
</properties>
  <testcase name="validCredentialsLogintest" classname="com.entel.tests.TC_ValidLoginTest" time="16.556">
    <failure message="expected [true] but found [false]" type="java.lang.AssertionError">java.lang.AssertionError: expected [true] but found [false]
	at org.testng.Assert.fail(Assert.java:96)
	at org.testng.Assert.failNotEquals(Assert.java:776)
	at org.testng.Assert.assertTrue(Assert.java:44)
	at org.testng.Assert.assertTrue(Assert.java:54)
	at com.entel.tests.BaseClass.checkCondition(BaseClass.java:107)
	at com.entel.tests.TC_ValidLoginTest.validCredentialsLogintest(TC_ValidLoginTest.java:22)
</failure>
    <system-out><![CDATA[ INFO [main] (BaseClass.java:105)- Application Launch -FAILED
Screenshot taken
]]></system-out>
    <system-err><![CDATA[Starting ChromeDriver 78.0.3904.11 (eaaae9de6b8999773fa33f92ce1e1bbe294437cf-refs/branch-heads/3904@{#86}) on port 1196
Only local connections are allowed.
Please protect ports used by ChromeDriver and related test frameworks to prevent access by malicious code.
Nov 03, 2019 1:20:35 PM org.openqa.selenium.remote.ProtocolHandshake createSession
INFO: Detected dialect: W3C
]]></system-err>
  </testcase>
  <testcase name="inValidCredentialsLogintest" classname="com.entel.tests.TC_InValidLoginTest" time="16.547">
    <failure message="expected [true] but found [false]" type="java.lang.AssertionError">java.lang.AssertionError: expected [true] but found [false]
	at org.testng.Assert.fail(Assert.java:96)
	at org.testng.Assert.failNotEquals(Assert.java:776)
	at org.testng.Assert.assertTrue(Assert.java:44)
	at org.testng.Assert.assertTrue(Assert.java:54)
	at com.entel.tests.BaseClass.checkCondition(BaseClass.java:107)
	at com.entel.tests.TC_InValidLoginTest.inValidCredentialsLogintest(TC_InValidLoginTest.java:24)
</failure>
    <system-out><![CDATA[ INFO [main] (BaseClass.java:105)- Application Launch -FAILED
Screenshot taken
]]></system-out>
    <system-err><![CDATA[Starting ChromeDriver 78.0.3904.11 (eaaae9de6b8999773fa33f92ce1e1bbe294437cf-refs/branch-heads/3904@{#86}) on port 2256
Only local connections are allowed.
Please protect ports used by ChromeDriver and related test frameworks to prevent access by malicious code.
Nov 03, 2019 1:20:57 PM org.openqa.selenium.remote.ProtocolHandshake createSession
INFO: Detected dialect: W3C
]]></system-err>
  </testcase>
</testsuite>