<?xml version="1.0" encoding="UTF-8"?>
<!-- Generated by org.testng.reporters.JUnitXMLReporter -->
<testsuite ignored="0" hostname="DESKTOP-TDKKLRD" failures="0" tests="10" name="Tests" time="645.008" errors="0" timestamp="16 Dec 2019 18:26:22 GMT">
  <testcase classname="com.entel.tests.TC_BeneficiousEntelPageValidation" name="beneficiousEntelPageValidation" time="58.116"/>
  <testcase classname="com.entel.tests.TC_ConfiguracionPageValidation" name="configuracionPageValidation" time="57.847"/>
  <testcase classname="com.entel.tests.TC_ConsumoPageValidation" name="consumoPageValidation" time="56.618"/>
  <testcase classname="com.entel.tests.TC_DisplayAllUserAccount" name="userAccountNumbers" time="43.636"/>
  <testcase classname="com.entel.tests.TC_EquipoPageValidation" name="equipoPageValidation" time="57.711"/>
  <testcase classname="com.entel.tests.TC_MyBallotValidation" name="myBallotValidation" time="57.054"/>
  <testcase classname="com.entel.tests.TC_MyPlanValidation" name="myPlanValidation" time="64.99"/>
  <testcase classname="com.entel.tests.TC_RecargarPageValidation" name="recargarPageValidation" time="53.708"/>
  <testcase classname="com.entel.tests.TC_RoamingPageValidation" name="roamingPageValidation" time="62.183"/>
  <testcase classname="com.entel.tests.TC_ValidLoginTest" name="validCredentialsLogintest" time="35.268"/>
</testsuite> <!-- Tests -->
