<?xml version="1.0" encoding="UTF-8"?>
<!-- Generated by org.testng.reporters.JUnitXMLReporter -->
<testsuite ignored="0" hostname="DESKTOP-TDKKLRD" failures="0" tests="13" name="Tests" time="971.388" errors="0" timestamp="29 Dec 2019 15:39:10 GMT">
  <testcase classname="com.entel.tests.TC_BeneficiousEntelPageValidation" name="beneficiousEntelPageValidation" time="71.59"/>
  <testcase classname="com.entel.tests.TC_ConfiguracionPageValidation" name="configuracionPageValidation" time="59.664"/>
  <testcase classname="com.entel.tests.TC_ConsumoPageValidation" name="consumoPageValidation" time="58.895"/>
  <testcase classname="com.entel.tests.TC_DisplayAllUserAccount" name="userAccountNumbers" time="45.149"/>
  <testcase classname="com.entel.tests.TC_EquipoPageValidation" name="equipoPageValidation" time="61.1"/>
  <testcase classname="com.entel.tests.TC_MyBallotValidation" name="myBallotValidation" time="70.283"/>
  <testcase classname="com.entel.tests.TC_MyPlanValidation" name="myPlanValidation" time="71.281"/>
  <testcase classname="com.entel.tests.TC_RecargarPageValidation" name="recargarPageValidation" time="60.031"/>
  <testcase classname="com.entel.tests.TC_RoamingPageValidation" name="roamingPageValidation" time="89.032"/>
  <testcase classname="com.entel.tests.TC_ValidLoginTest" name="validCredentialsLogintest" time="34.708"/>
  <testcase classname="com.entel.tests.TC_InValidLoginTest" name="inValidCredentialsLogintest" time="41.309"/>
  <testcase classname="com.entel.tests.TC_BolsasPageValidation" name="bolsasPageValidation" time="81.442"/>
  <testcase classname="com.entel.tests.TC_UserSpecificLinksValidation" name="userSpecificLinks" time="65.094"/>
</testsuite> <!-- Tests -->
