<?xml version="1.0" encoding="UTF-8"?>
<testng-results ignored="0" total="1" passed="1" failed="0" skipped="0">
  <reporter-output>
  </reporter-output>
  <suite started-at="2019-12-03T17:59:57Z" name="entelProject" finished-at="2019-12-03T18:01:06Z" duration-ms="69232">
    <groups>
    </groups>
    <test started-at="2019-12-03T17:59:57Z" name="Tests" finished-at="2019-12-03T18:01:06Z" duration-ms="69232">
      <class name="com.entel.tests.TC_BeneficiousEntelPageValidation">
        <test-method is-config="true" signature="launch(java.lang.String)[pri:0, instance:com.entel.tests.TC_BeneficiousEntelPageValidation@a1cdc6d]" started-at="2019-12-03T17:59:57Z" name="launch" finished-at="2019-12-03T18:00:06Z" duration-ms="8871" status="PASS">
          <params>
            <param index="0">
              <value>
                <![CDATA[chrome]]>
              </value>
            </param>
          </params>
          <reporter-output>
          </reporter-output>
        </test-method> <!-- launch -->
        <test-method signature="userAccountNumbers()[pri:0, instance:com.entel.tests.TC_BeneficiousEntelPageValidation@a1cdc6d]" started-at="2019-12-03T18:00:06Z" name="userAccountNumbers" finished-at="2019-12-03T18:01:04Z" duration-ms="58034" status="PASS">
          <reporter-output>
          </reporter-output>
        </test-method> <!-- userAccountNumbers -->
        <test-method is-config="true" signature="tearDown()[pri:0, instance:com.entel.tests.TC_BeneficiousEntelPageValidation@a1cdc6d]" started-at="2019-12-03T18:01:04Z" name="tearDown" finished-at="2019-12-03T18:01:06Z" duration-ms="2132" status="PASS">
          <reporter-output>
          </reporter-output>
        </test-method> <!-- tearDown -->
      </class> <!-- com.entel.tests.TC_BeneficiousEntelPageValidation -->
    </test> <!-- Tests -->
  </suite> <!-- entelProject -->
</testng-results>
