<?xml version="1.0" encoding="UTF-8"?>
<testng-results ignored="0" total="1" passed="1" failed="0" skipped="0">
  <reporter-output>
  </reporter-output>
  <suite started-at="2019-12-18T18:40:23Z" name="entelProject" finished-at="2019-12-18T18:41:51Z" duration-ms="87582">
    <groups>
    </groups>
    <test started-at="2019-12-18T18:40:23Z" name="Tests" finished-at="2019-12-18T18:41:51Z" duration-ms="87582">
      <class name="com.entel.tests.TC_BolsasPageValidation">
        <test-method is-config="true" signature="launch(java.lang.String)[pri:0, instance:com.entel.tests.TC_BolsasPageValidation@3098cf3b]" started-at="2019-12-18T18:40:24Z" name="launch" finished-at="2019-12-18T18:40:37Z" duration-ms="13777" status="PASS">
          <params>
            <param index="0">
              <value>
                <![CDATA[chrome]]>
              </value>
            </param>
          </params>
          <reporter-output>
          </reporter-output>
        </test-method> <!-- launch -->
        <test-method signature="bolsasPageValidation()[pri:0, instance:com.entel.tests.TC_BolsasPageValidation@3098cf3b]" started-at="2019-12-18T18:40:37Z" name="bolsasPageValidation" finished-at="2019-12-18T18:41:49Z" duration-ms="71254" status="PASS">
          <reporter-output>
          </reporter-output>
        </test-method> <!-- bolsasPageValidation -->
        <test-method is-config="true" signature="tearDown()[pri:0, instance:com.entel.tests.TC_BolsasPageValidation@3098cf3b]" started-at="2019-12-18T18:41:49Z" name="tearDown" finished-at="2019-12-18T18:41:51Z" duration-ms="2377" status="PASS">
          <reporter-output>
          </reporter-output>
        </test-method> <!-- tearDown -->
      </class> <!-- com.entel.tests.TC_BolsasPageValidation -->
    </test> <!-- Tests -->
  </suite> <!-- entelProject -->
</testng-results>
